====================
Data keys: ['carts_container-cpu-system-seconds-total', 'carts-db_container-cpu-system-seconds-total', 'catalogue_container-cpu-system-seconds-total', 'catalogue-db_container-cpu-system-seconds-total', 'front-end_container-cpu-system-seconds-total', 'orders_container-cpu-system-seconds-total', 'orders-db_container-cpu-system-seconds-total', 'payment_container-cpu-system-seconds-total', 'queue-master_container-cpu-system-seconds-total', 'rabbitmq_container-cpu-system-seconds-total', 'rabbitmq-exporter_container-cpu-system-seconds-total', 'session-db_container-cpu-system-seconds-total', 'shipping_container-cpu-system-seconds-total', 'user_container-cpu-system-seconds-total', 'user-db_container-cpu-system-seconds-total']
Time range: 12.0 minutes
====================
Data keys: ['carts_container-cpu-usage-seconds-total', 'carts-db_container-cpu-usage-seconds-total', 'catalogue_container-cpu-usage-seconds-total', 'catalogue-db_container-cpu-usage-seconds-total', 'front-end_container-cpu-usage-seconds-total', 'orders_container-cpu-usage-seconds-total', 'orders-db_container-cpu-usage-seconds-total', 'payment_container-cpu-usage-seconds-total', 'queue-master_container-cpu-usage-seconds-total', 'rabbitmq_container-cpu-usage-seconds-total', 'rabbitmq-exporter_container-cpu-usage-seconds-total', 'session-db_container-cpu-usage-seconds-total', 'shipping_container-cpu-usage-seconds-total', 'user_container-cpu-usage-seconds-total', 'user-db_container-cpu-usage-seconds-total']
Time range: 12.0 minutes
====================
Data keys: ['carts_container-cpu-user-seconds-total', 'carts-db_container-cpu-user-seconds-total', 'catalogue_container-cpu-user-seconds-total', 'catalogue-db_container-cpu-user-seconds-total', 'front-end_container-cpu-user-seconds-total', 'orders_container-cpu-user-seconds-total', 'orders-db_container-cpu-user-seconds-total', 'payment_container-cpu-user-seconds-total', 'queue-master_container-cpu-user-seconds-total', 'rabbitmq_container-cpu-user-seconds-total', 'rabbitmq-exporter_container-cpu-user-seconds-total', 'session-db_container-cpu-user-seconds-total', 'shipping_container-cpu-user-seconds-total', 'user_container-cpu-user-seconds-total', 'user-db_container-cpu-user-seconds-total']
Time range: 12.0 minutes
====================
Data keys: ['carts_container-spec-cpu-quota', 'carts-db_container-spec-cpu-quota', 'catalogue_container-spec-cpu-quota', 'front-end_container-spec-cpu-quota', 'orders_container-spec-cpu-quota', 'orders-db_container-spec-cpu-quota', 'payment_container-spec-cpu-quota', 'queue-master_container-spec-cpu-quota', 'shipping_container-spec-cpu-quota', 'user_container-spec-cpu-quota', 'user-db_container-spec-cpu-quota']
Time range: 12.0 minutes
====================
Data keys: ['carts_container-memory-cache', 'carts-db_container-memory-cache', 'catalogue_container-memory-cache', 'catalogue-db_container-memory-cache', 'front-end_container-memory-cache', 'orders_container-memory-cache', 'orders-db_container-memory-cache', 'payment_container-memory-cache', 'queue-master_container-memory-cache', 'rabbitmq_container-memory-cache', 'rabbitmq-exporter_container-memory-cache', 'session-db_container-memory-cache', 'shipping_container-memory-cache', 'user_container-memory-cache', 'user-db_container-memory-cache']
Time range: 12.0 minutes
====================
Data keys: ['carts_container-memory-failures-total', 'carts-db_container-memory-failures-total', 'catalogue_container-memory-failures-total', 'catalogue-db_container-memory-failures-total', 'front-end_container-memory-failures-total', 'orders_container-memory-failures-total', 'orders-db_container-memory-failures-total', 'payment_container-memory-failures-total', 'queue-master_container-memory-failures-total', 'rabbitmq_container-memory-failures-total', 'rabbitmq-exporter_container-memory-failures-total', 'session-db_container-memory-failures-total', 'shipping_container-memory-failures-total', 'user_container-memory-failures-total', 'user-db_container-memory-failures-total']
Time range: 12.0 minutes
====================
Data keys: ['carts_container-memory-mapped-file', 'carts-db_container-memory-mapped-file', 'catalogue_container-memory-mapped-file', 'catalogue-db_container-memory-mapped-file', 'front-end_container-memory-mapped-file', 'orders_container-memory-mapped-file', 'orders-db_container-memory-mapped-file', 'payment_container-memory-mapped-file', 'queue-master_container-memory-mapped-file', 'rabbitmq_container-memory-mapped-file', 'rabbitmq-exporter_container-memory-mapped-file', 'session-db_container-memory-mapped-file', 'shipping_container-memory-mapped-file', 'user_container-memory-mapped-file', 'user-db_container-memory-mapped-file']
Time range: 12.0 minutes
====================
Data keys: ['carts_container-memory-max-usage-bytes', 'carts-db_container-memory-max-usage-bytes', 'catalogue_container-memory-max-usage-bytes', 'catalogue-db_container-memory-max-usage-bytes', 'front-end_container-memory-max-usage-bytes', 'orders_container-memory-max-usage-bytes', 'orders-db_container-memory-max-usage-bytes', 'payment_container-memory-max-usage-bytes', 'queue-master_container-memory-max-usage-bytes', 'rabbitmq_container-memory-max-usage-bytes', 'rabbitmq-exporter_container-memory-max-usage-bytes', 'session-db_container-memory-max-usage-bytes', 'shipping_container-memory-max-usage-bytes', 'user_container-memory-max-usage-bytes', 'user-db_container-memory-max-usage-bytes']
Time range: 12.0 minutes
====================
Data keys: ['carts_container-memory-rss', 'carts-db_container-memory-rss', 'catalogue_container-memory-rss', 'catalogue-db_container-memory-rss', 'front-end_container-memory-rss', 'orders_container-memory-rss', 'orders-db_container-memory-rss', 'payment_container-memory-rss', 'queue-master_container-memory-rss', 'rabbitmq_container-memory-rss', 'rabbitmq-exporter_container-memory-rss', 'session-db_container-memory-rss', 'shipping_container-memory-rss', 'user_container-memory-rss', 'user-db_container-memory-rss']
Time range: 12.0 minutes
====================
Data keys: ['carts_container-memory-swap', 'carts-db_container-memory-swap', 'catalogue_container-memory-swap', 'catalogue-db_container-memory-swap', 'front-end_container-memory-swap', 'orders_container-memory-swap', 'orders-db_container-memory-swap', 'payment_container-memory-swap', 'queue-master_container-memory-swap', 'rabbitmq_container-memory-swap', 'rabbitmq-exporter_container-memory-swap', 'session-db_container-memory-swap', 'shipping_container-memory-swap', 'user_container-memory-swap', 'user-db_container-memory-swap']
Time range: 12.0 minutes
====================
Data keys: ['carts_container-memory-usage-bytes', 'carts-db_container-memory-usage-bytes', 'catalogue_container-memory-usage-bytes', 'catalogue-db_container-memory-usage-bytes', 'front-end_container-memory-usage-bytes', 'orders_container-memory-usage-bytes', 'orders-db_container-memory-usage-bytes', 'payment_container-memory-usage-bytes', 'queue-master_container-memory-usage-bytes', 'rabbitmq_container-memory-usage-bytes', 'rabbitmq-exporter_container-memory-usage-bytes', 'session-db_container-memory-usage-bytes', 'shipping_container-memory-usage-bytes', 'user_container-memory-usage-bytes', 'user-db_container-memory-usage-bytes']
Time range: 12.0 minutes
====================
Data keys: ['carts_container-memory-working-set-bytes', 'carts-db_container-memory-working-set-bytes', 'catalogue_container-memory-working-set-bytes', 'catalogue-db_container-memory-working-set-bytes', 'front-end_container-memory-working-set-bytes', 'orders_container-memory-working-set-bytes', 'orders-db_container-memory-working-set-bytes', 'payment_container-memory-working-set-bytes', 'queue-master_container-memory-working-set-bytes', 'rabbitmq_container-memory-working-set-bytes', 'rabbitmq-exporter_container-memory-working-set-bytes', 'session-db_container-memory-working-set-bytes', 'shipping_container-memory-working-set-bytes', 'user_container-memory-working-set-bytes', 'user-db_container-memory-working-set-bytes']
Time range: 12.0 minutes
====================
Data keys: ['carts_container-spec-memory-limit-bytes', 'carts-db_container-spec-memory-limit-bytes', 'catalogue_container-spec-memory-limit-bytes', 'catalogue-db_container-spec-memory-limit-bytes', 'front-end_container-spec-memory-limit-bytes', 'orders_container-spec-memory-limit-bytes', 'orders-db_container-spec-memory-limit-bytes', 'payment_container-spec-memory-limit-bytes', 'queue-master_container-spec-memory-limit-bytes', 'rabbitmq_container-spec-memory-limit-bytes', 'rabbitmq-exporter_container-spec-memory-limit-bytes', 'session-db_container-spec-memory-limit-bytes', 'shipping_container-spec-memory-limit-bytes', 'user_container-spec-memory-limit-bytes', 'user-db_container-spec-memory-limit-bytes']
Time range: 12.0 minutes
====================
Data keys: ['carts-db_container-fs-writes-total', 'catalogue-db_container-fs-writes-total', 'orders-db_container-fs-writes-total', 'rabbitmq_container-fs-writes-total', 'session-db_container-fs-writes-total', 'user-db_container-fs-writes-total']
Time range: 12.0 minutes
====================
Data keys: ['carts-db_container-fs-writes-bytes-total', 'catalogue-db_container-fs-writes-bytes-total', 'orders-db_container-fs-writes-bytes-total', 'rabbitmq_container-fs-writes-bytes-total', 'session-db_container-fs-writes-bytes-total', 'user-db_container-fs-writes-bytes-total']
Time range: 12.0 minutes
====================
Data keys: ['carts-db_container-fs-reads-total', 'catalogue-db_container-fs-reads-total', 'orders-db_container-fs-reads-total', 'rabbitmq_container-fs-reads-total', 'session-db_container-fs-reads-total', 'user-db_container-fs-reads-total']
Time range: 12.0 minutes
====================
Data keys: ['carts-db_container-fs-reads-bytes-total', 'catalogue-db_container-fs-reads-bytes-total', 'orders-db_container-fs-reads-bytes-total', 'rabbitmq_container-fs-reads-bytes-total', 'session-db_container-fs-reads-bytes-total', 'user-db_container-fs-reads-bytes-total']
Time range: 12.0 minutes
====================
Data keys: ['carts_container-network-transmit-packets-total', 'catalogue_container-network-transmit-packets-total', 'front_container-network-transmit-packets-total', 'orders_container-network-transmit-packets-total', 'payment_container-network-transmit-packets-total', 'queue_container-network-transmit-packets-total', 'rabbitmq_container-network-transmit-packets-total', 'session_container-network-transmit-packets-total', 'shipping_container-network-transmit-packets-total', 'user_container-network-transmit-packets-total']
Time range: 12.0 minutes
====================
Data keys: ['carts_container-network-transmit-packets-dropped-total', 'catalogue_container-network-transmit-packets-dropped-total', 'front_container-network-transmit-packets-dropped-total', 'orders_container-network-transmit-packets-dropped-total', 'payment_container-network-transmit-packets-dropped-total', 'queue_container-network-transmit-packets-dropped-total', 'rabbitmq_container-network-transmit-packets-dropped-total', 'session_container-network-transmit-packets-dropped-total', 'shipping_container-network-transmit-packets-dropped-total', 'user_container-network-transmit-packets-dropped-total']
Time range: 12.0 minutes
====================
Data keys: ['carts_container-network-transmit-bytes-total', 'catalogue_container-network-transmit-bytes-total', 'front_container-network-transmit-bytes-total', 'orders_container-network-transmit-bytes-total', 'payment_container-network-transmit-bytes-total', 'queue_container-network-transmit-bytes-total', 'rabbitmq_container-network-transmit-bytes-total', 'session_container-network-transmit-bytes-total', 'shipping_container-network-transmit-bytes-total', 'user_container-network-transmit-bytes-total']
Time range: 12.0 minutes
====================
Data keys: ['carts_container-network-transmit-errors-total', 'catalogue_container-network-transmit-errors-total', 'front_container-network-transmit-errors-total', 'orders_container-network-transmit-errors-total', 'payment_container-network-transmit-errors-total', 'queue_container-network-transmit-errors-total', 'rabbitmq_container-network-transmit-errors-total', 'session_container-network-transmit-errors-total', 'shipping_container-network-transmit-errors-total', 'user_container-network-transmit-errors-total']
Time range: 12.0 minutes
====================
Data keys: ['carts_container-network-receive-packets-total', 'catalogue_container-network-receive-packets-total', 'front_container-network-receive-packets-total', 'orders_container-network-receive-packets-total', 'payment_container-network-receive-packets-total', 'queue_container-network-receive-packets-total', 'rabbitmq_container-network-receive-packets-total', 'session_container-network-receive-packets-total', 'shipping_container-network-receive-packets-total', 'user_container-network-receive-packets-total']
Time range: 12.0 minutes
====================
Data keys: ['carts_container-network-receive-packets-dropped-total', 'catalogue_container-network-receive-packets-dropped-total', 'front_container-network-receive-packets-dropped-total', 'orders_container-network-receive-packets-dropped-total', 'payment_container-network-receive-packets-dropped-total', 'queue_container-network-receive-packets-dropped-total', 'rabbitmq_container-network-receive-packets-dropped-total', 'session_container-network-receive-packets-dropped-total', 'shipping_container-network-receive-packets-dropped-total', 'user_container-network-receive-packets-dropped-total']
Time range: 12.0 minutes
====================
Data keys: ['carts_container-network-receive-bytes-total', 'catalogue_container-network-receive-bytes-total', 'front_container-network-receive-bytes-total', 'orders_container-network-receive-bytes-total', 'payment_container-network-receive-bytes-total', 'queue_container-network-receive-bytes-total', 'rabbitmq_container-network-receive-bytes-total', 'session_container-network-receive-bytes-total', 'shipping_container-network-receive-bytes-total', 'user_container-network-receive-bytes-total']
Time range: 12.0 minutes
====================
Data keys: ['carts_container-network-receive-errors-total', 'catalogue_container-network-receive-errors-total', 'front_container-network-receive-errors-total', 'orders_container-network-receive-errors-total', 'payment_container-network-receive-errors-total', 'queue_container-network-receive-errors-total', 'rabbitmq_container-network-receive-errors-total', 'session_container-network-receive-errors-total', 'shipping_container-network-receive-errors-total', 'user_container-network-receive-errors-total']
Time range: 12.0 minutes
====================
Data keys: ['carts_istio-request-total', 'catalogue_istio-request-total', 'front-end_istio-request-total', 'orders_istio-request-total', 'payment_istio-request-total', 'queue-master_istio-request-total', 'shipping_istio-request-total', 'user_istio-request-total']
Time range: 12.0 minutes
====================
Data keys: ['carts_istio-error-total', 'front-end_istio-error-total', 'orders_istio-error-total', 'queue-master_istio-error-total', 'shipping_istio-error-total', 'user_istio-error-total']
Time range: 12.0 minutes
====================
Data keys: ['carts_istio-latency-50', 'catalogue_istio-latency-50', 'front-end_istio-latency-50', 'orders_istio-latency-50', 'payment_istio-latency-50', 'queue-master_istio-latency-50', 'shipping_istio-latency-50', 'user_istio-latency-50']
Time range: 12.0 minutes
====================
Data keys: ['carts_istio-latency-90', 'catalogue_istio-latency-90', 'front-end_istio-latency-90', 'orders_istio-latency-90', 'payment_istio-latency-90', 'queue-master_istio-latency-90', 'shipping_istio-latency-90', 'user_istio-latency-90']
Time range: 12.0 minutes
====================
Data keys: ['carts_istio-latency-95', 'catalogue_istio-latency-95', 'front-end_istio-latency-95', 'orders_istio-latency-95', 'payment_istio-latency-95', 'queue-master_istio-latency-95', 'shipping_istio-latency-95', 'user_istio-latency-95']
Time range: 12.0 minutes
====================
Data keys: ['carts_istio-latency-99', 'catalogue_istio-latency-99', 'front-end_istio-latency-99', 'orders_istio-latency-99', 'payment_istio-latency-99', 'queue-master_istio-latency-99', 'shipping_istio-latency-99', 'user_istio-latency-99']
Time range: 12.0 minutes
====================
Data keys: ['carts_istio-bytes-50', 'catalogue_istio-bytes-50', 'front-end_istio-bytes-50', 'orders_istio-bytes-50', 'payment_istio-bytes-50', 'queue-master_istio-bytes-50', 'shipping_istio-bytes-50', 'user_istio-bytes-50']
Time range: 12.0 minutes
====================
Data keys: ['carts_istio-bytes-90', 'catalogue_istio-bytes-90', 'front-end_istio-bytes-90', 'orders_istio-bytes-90', 'payment_istio-bytes-90', 'queue-master_istio-bytes-90', 'shipping_istio-bytes-90', 'user_istio-bytes-90']
Time range: 12.0 minutes
====================
Data keys: ['carts_istio-bytes-95', 'catalogue_istio-bytes-95', 'front-end_istio-bytes-95', 'orders_istio-bytes-95', 'payment_istio-bytes-95', 'queue-master_istio-bytes-95', 'shipping_istio-bytes-95', 'user_istio-bytes-95']
Time range: 12.0 minutes
====================
Data keys: ['carts_istio-bytes-99', 'catalogue_istio-bytes-99', 'front-end_istio-bytes-99', 'orders_istio-bytes-99', 'payment_istio-bytes-99', 'queue-master_istio-bytes-99', 'shipping_istio-bytes-99', 'user_istio-bytes-99']
Time range: 12.0 minutes
====================
Data keys: ['192-168-15-8-9100_node-cpu-seconds-total', '192-168-27-60-9100_node-cpu-seconds-total', '192-168-33-0-9100_node-cpu-seconds-total', '192-168-37-154-9100_node-cpu-seconds-total', '192-168-76-116-9100_node-cpu-seconds-total']
Time range: 12.0 minutes
====================
Data keys: ['192-168-15-8-9100_node-memory-active-bytes', '192-168-27-60-9100_node-memory-active-bytes', '192-168-33-0-9100_node-memory-active-bytes', '192-168-37-154-9100_node-memory-active-bytes', '192-168-76-116-9100_node-memory-active-bytes']
Time range: 12.0 minutes
====================
Data keys: ['192-168-15-8-9100_node-memory-inactive-bytes', '192-168-27-60-9100_node-memory-inactive-bytes', '192-168-33-0-9100_node-memory-inactive-bytes', '192-168-37-154-9100_node-memory-inactive-bytes', '192-168-76-116-9100_node-memory-inactive-bytes']
Time range: 12.0 minutes
====================
Data keys: ['192-168-15-8-9100_node-disk-reads-completed-total', '192-168-27-60-9100_node-disk-reads-completed-total', '192-168-33-0-9100_node-disk-reads-completed-total', '192-168-37-154-9100_node-disk-reads-completed-total', '192-168-76-116-9100_node-disk-reads-completed-total']
Time range: 12.0 minutes
====================
Data keys: ['192-168-15-8-9100_node-disk-writes-completed-total', '192-168-27-60-9100_node-disk-writes-completed-total', '192-168-33-0-9100_node-disk-writes-completed-total', '192-168-37-154-9100_node-disk-writes-completed-total', '192-168-76-116-9100_node-disk-writes-completed-total']
Time range: 12.0 minutes
====================
Data keys: ['192-168-15-8-9100_node-disk-read-bytes-total', '192-168-27-60-9100_node-disk-read-bytes-total', '192-168-33-0-9100_node-disk-read-bytes-total', '192-168-37-154-9100_node-disk-read-bytes-total', '192-168-76-116-9100_node-disk-read-bytes-total']
Time range: 12.0 minutes
====================
Data keys: ['192-168-15-8-9100_node-disk-written-bytes-total', '192-168-27-60-9100_node-disk-written-bytes-total', '192-168-33-0-9100_node-disk-written-bytes-total', '192-168-37-154-9100_node-disk-written-bytes-total', '192-168-76-116-9100_node-disk-written-bytes-total']
Time range: 12.0 minutes
====================
Data keys: ['192-168-15-8-9100_node-network-receive-packets-total', '192-168-27-60-9100_node-network-receive-packets-total', '192-168-33-0-9100_node-network-receive-packets-total', '192-168-37-154-9100_node-network-receive-packets-total', '192-168-76-116-9100_node-network-receive-packets-total']
Time range: 12.0 minutes
====================
Data keys: ['192-168-15-8-9100_node-network-transmit-packets-total', '192-168-27-60-9100_node-network-transmit-packets-total', '192-168-33-0-9100_node-network-transmit-packets-total', '192-168-37-154-9100_node-network-transmit-packets-total', '192-168-76-116-9100_node-network-transmit-packets-total']
Time range: 12.0 minutes
====================
Data keys: ['192-168-15-8-9100_node-network-receive-errs-total', '192-168-27-60-9100_node-network-receive-errs-total', '192-168-33-0-9100_node-network-receive-errs-total', '192-168-37-154-9100_node-network-receive-errs-total', '192-168-76-116-9100_node-network-receive-errs-total']
Time range: 12.0 minutes
====================
Data keys: ['192-168-15-8-9100_node-network-transmit-errs-total', '192-168-27-60-9100_node-network-transmit-errs-total', '192-168-33-0-9100_node-network-transmit-errs-total', '192-168-37-154-9100_node-network-transmit-errs-total', '192-168-76-116-9100_node-network-transmit-errs-total']
Time range: 12.0 minutes
====================
Data keys: ['192-168-15-8-9100_node-network-receive-drop-total', '192-168-27-60-9100_node-network-receive-drop-total', '192-168-33-0-9100_node-network-receive-drop-total', '192-168-37-154-9100_node-network-receive-drop-total', '192-168-76-116-9100_node-network-receive-drop-total']
Time range: 12.0 minutes
====================
Data keys: ['192-168-15-8-9100_node-network-transmit-drop-total', '192-168-27-60-9100_node-network-transmit-drop-total', '192-168-33-0-9100_node-network-transmit-drop-total', '192-168-37-154-9100_node-network-transmit-drop-total', '192-168-76-116-9100_node-network-transmit-drop-total']
Time range: 12.0 minutes
